<?xml version="1.0" encoding="UTF-8"?>
<testsuite xmlns:xsi="http://www.w3.org/2001/XMLSchema-instance" xsi:noNamespaceSchemaLocation="https://maven.apache.org/surefire/maven-surefire-plugin/xsd/surefire-test-report.xsd" version="3.0.2" name="com.micronauticals.springbootmicroservice.AccountsMicroserviceTests" time="30.639" tests="1" errors="0" skipped="0" failures="0">
  <properties>
    <property name="java.specification.version" value="21"/>
    <property name="sun.cpu.isalist" value="amd64"/>
    <property name="sun.jnu.encoding" value="Cp1252"/>
    <property name="java.class.path" value="D:\Coding\Java Course\Spring-Project\SpringBootMicroservice-Config\V2_Cloud_Config\Accounts_Microservice\target\test-classes;D:\Coding\Java Course\Spring-Project\SpringBootMicroservice-Config\V2_Cloud_Config\Accounts_Microservice\target\classes;C:\Users\940pp\.m2\repository\org\springframework\boot\spring-boot-starter-web\3.4.2\spring-boot-starter-web-3.4.2.jar;C:\Users\940pp\.m2\repository\org\springframework\boot\spring-boot-starter\3.4.2\spring-boot-starter-3.4.2.jar;C:\Users\940pp\.m2\repository\org\springframework\boot\spring-boot-starter-logging\3.4.2\spring-boot-starter-logging-3.4.2.jar;C:\Users\940pp\.m2\repository\ch\qos\logback\logback-classic\1.5.16\logback-classic-1.5.16.jar;C:\Users\940pp\.m2\repository\ch\qos\logback\logback-core\1.5.16\logback-core-1.5.16.jar;C:\Users\940pp\.m2\repository\org\apache\logging\log4j\log4j-to-slf4j\2.24.3\log4j-to-slf4j-2.24.3.jar;C:\Users\940pp\.m2\repository\org\apache\logging\log4j\log4j-api\2.24.3\log4j-api-2.24.3.jar;C:\Users\940pp\.m2\repository\org\slf4j\jul-to-slf4j\2.0.16\jul-to-slf4j-2.0.16.jar;C:\Users\940pp\.m2\repository\jakarta\annotation\jakarta.annotation-api\2.1.1\jakarta.annotation-api-2.1.1.jar;C:\Users\940pp\.m2\repository\org\yaml\snakeyaml\2.3\snakeyaml-2.3.jar;C:\Users\940pp\.m2\repository\org\springframework\boot\spring-boot-starter-json\3.4.2\spring-boot-starter-json-3.4.2.jar;C:\Users\940pp\.m2\repository\com\fasterxml\jackson\datatype\jackson-datatype-jdk8\2.18.2\jackson-datatype-jdk8-2.18.2.jar;C:\Users\940pp\.m2\repository\com\fasterxml\jackson\datatype\jackson-datatype-jsr310\2.18.2\jackson-datatype-jsr310-2.18.2.jar;C:\Users\940pp\.m2\repository\com\fasterxml\jackson\module\jackson-module-parameter-names\2.18.2\jackson-module-parameter-names-2.18.2.jar;C:\Users\940pp\.m2\repository\org\springframework\boot\spring-boot-starter-tomcat\3.4.2\spring-boot-starter-tomcat-3.4.2.jar;C:\Users\940pp\.m2\repository\org\apache\tomcat\embed\tomcat-embed-core\10.1.34\tomcat-embed-core-10.1.34.jar;C:\Users\940pp\.m2\repository\org\apache\tomcat\embed\tomcat-embed-websocket\10.1.34\tomcat-embed-websocket-10.1.34.jar;C:\Users\940pp\.m2\repository\org\springframework\spring-web\6.2.2\spring-web-6.2.2.jar;C:\Users\940pp\.m2\repository\org\springframework\spring-beans\6.2.2\spring-beans-6.2.2.jar;C:\Users\940pp\.m2\repository\org\springframework\spring-webmvc\6.2.2\spring-webmvc-6.2.2.jar;C:\Users\940pp\.m2\repository\org\springframework\spring-aop\6.2.2\spring-aop-6.2.2.jar;C:\Users\940pp\.m2\repository\org\springframework\spring-context\6.2.2\spring-context-6.2.2.jar;C:\Users\940pp\.m2\repository\org\springframework\spring-expression\6.2.2\spring-expression-6.2.2.jar;C:\Users\940pp\.m2\repository\org\springdoc\springdoc-openapi-starter-webmvc-ui\2.8.5\springdoc-openapi-starter-webmvc-ui-2.8.5.jar;C:\Users\940pp\.m2\repository\org\springdoc\springdoc-openapi-starter-webmvc-api\2.8.5\springdoc-openapi-starter-webmvc-api-2.8.5.jar;C:\Users\940pp\.m2\repository\org\springdoc\springdoc-openapi-starter-common\2.8.5\springdoc-openapi-starter-common-2.8.5.jar;C:\Users\940pp\.m2\repository\io\swagger\core\v3\swagger-core-jakarta\2.2.28\swagger-core-jakarta-2.2.28.jar;C:\Users\940pp\.m2\repository\org\apache\commons\commons-lang3\3.17.0\commons-lang3-3.17.0.jar;C:\Users\940pp\.m2\repository\io\swagger\core\v3\swagger-annotations-jakarta\2.2.28\swagger-annotations-jakarta-2.2.28.jar;C:\Users\940pp\.m2\repository\io\swagger\core\v3\swagger-models-jakarta\2.2.28\swagger-models-jakarta-2.2.28.jar;C:\Users\940pp\.m2\repository\com\fasterxml\jackson\dataformat\jackson-dataformat-yaml\2.18.2\jackson-dataformat-yaml-2.18.2.jar;C:\Users\940pp\.m2\repository\org\webjars\swagger-ui\5.18.3\swagger-ui-5.18.3.jar;C:\Users\940pp\.m2\repository\org\webjars\webjars-locator-lite\1.0.1\webjars-locator-lite-1.0.1.jar;C:\Users\940pp\.m2\repository\org\jspecify\jspecify\1.0.0\jspecify-1.0.0.jar;C:\Users\940pp\.m2\repository\com\h2database\h2\2.3.232\h2-2.3.232.jar;C:\Users\940pp\.m2\repository\jakarta\persistence\jakarta.persistence-api\3.1.0\jakarta.persistence-api-3.1.0.jar;C:\Users\940pp\.m2\repository\org\projectlombok\lombok\1.18.36\lombok-1.18.36.jar;C:\Users\940pp\.m2\repository\org\springframework\boot\spring-boot-starter-test\3.4.2\spring-boot-starter-test-3.4.2.jar;C:\Users\940pp\.m2\repository\org\springframework\boot\spring-boot-test\3.4.2\spring-boot-test-3.4.2.jar;C:\Users\940pp\.m2\repository\org\springframework\boot\spring-boot-test-autoconfigure\3.4.2\spring-boot-test-autoconfigure-3.4.2.jar;C:\Users\940pp\.m2\repository\com\jayway\jsonpath\json-path\2.9.0\json-path-2.9.0.jar;C:\Users\940pp\.m2\repository\org\slf4j\slf4j-api\2.0.16\slf4j-api-2.0.16.jar;C:\Users\940pp\.m2\repository\jakarta\xml\bind\jakarta.xml.bind-api\4.0.2\jakarta.xml.bind-api-4.0.2.jar;C:\Users\940pp\.m2\repository\jakarta\activation\jakarta.activation-api\2.1.3\jakarta.activation-api-2.1.3.jar;C:\Users\940pp\.m2\repository\net\minidev\json-smart\2.5.1\json-smart-2.5.1.jar;C:\Users\940pp\.m2\repository\net\minidev\accessors-smart\2.5.1\accessors-smart-2.5.1.jar;C:\Users\940pp\.m2\repository\org\ow2\asm\asm\9.6\asm-9.6.jar;C:\Users\940pp\.m2\repository\org\assertj\assertj-core\3.26.3\assertj-core-3.26.3.jar;C:\Users\940pp\.m2\repository\net\bytebuddy\byte-buddy\1.15.11\byte-buddy-1.15.11.jar;C:\Users\940pp\.m2\repository\org\awaitility\awaitility\4.2.2\awaitility-4.2.2.jar;C:\Users\940pp\.m2\repository\org\hamcrest\hamcrest\2.2\hamcrest-2.2.jar;C:\Users\940pp\.m2\repository\org\junit\jupiter\junit-jupiter\5.11.4\junit-jupiter-5.11.4.jar;C:\Users\940pp\.m2\repository\org\junit\jupiter\junit-jupiter-api\5.11.4\junit-jupiter-api-5.11.4.jar;C:\Users\940pp\.m2\repository\org\opentest4j\opentest4j\1.3.0\opentest4j-1.3.0.jar;C:\Users\940pp\.m2\repository\org\junit\platform\junit-platform-commons\1.11.4\junit-platform-commons-1.11.4.jar;C:\Users\940pp\.m2\repository\org\apiguardian\apiguardian-api\1.1.2\apiguardian-api-1.1.2.jar;C:\Users\940pp\.m2\repository\org\junit\jupiter\junit-jupiter-params\5.11.4\junit-jupiter-params-5.11.4.jar;C:\Users\940pp\.m2\repository\org\junit\jupiter\junit-jupiter-engine\5.11.4\junit-jupiter-engine-5.11.4.jar;C:\Users\940pp\.m2\repository\org\junit\platform\junit-platform-engine\1.11.4\junit-platform-engine-1.11.4.jar;C:\Users\940pp\.m2\repository\org\mockito\mockito-core\5.14.2\mockito-core-5.14.2.jar;C:\Users\940pp\.m2\repository\net\bytebuddy\byte-buddy-agent\1.15.11\byte-buddy-agent-1.15.11.jar;C:\Users\940pp\.m2\repository\org\objenesis\objenesis\3.3\objenesis-3.3.jar;C:\Users\940pp\.m2\repository\org\mockito\mockito-junit-jupiter\5.14.2\mockito-junit-jupiter-5.14.2.jar;C:\Users\940pp\.m2\repository\org\skyscreamer\jsonassert\1.5.3\jsonassert-1.5.3.jar;C:\Users\940pp\.m2\repository\com\vaadin\external\google\android-json\0.0.20131108.vaadin1\android-json-0.0.20131108.vaadin1.jar;C:\Users\940pp\.m2\repository\org\springframework\spring-core\6.2.2\spring-core-6.2.2.jar;C:\Users\940pp\.m2\repository\org\springframework\spring-jcl\6.2.2\spring-jcl-6.2.2.jar;C:\Users\940pp\.m2\repository\org\springframework\spring-test\6.2.2\spring-test-6.2.2.jar;C:\Users\940pp\.m2\repository\org\xmlunit\xmlunit-core\2.10.0\xmlunit-core-2.10.0.jar;C:\Users\940pp\.m2\repository\org\springframework\boot\spring-boot-starter-actuator\3.4.2\spring-boot-starter-actuator-3.4.2.jar;C:\Users\940pp\.m2\repository\org\springframework\boot\spring-boot-actuator-autoconfigure\3.4.2\spring-boot-actuator-autoconfigure-3.4.2.jar;C:\Users\940pp\.m2\repository\org\springframework\boot\spring-boot-actuator\3.4.2\spring-boot-actuator-3.4.2.jar;C:\Users\940pp\.m2\repository\io\micrometer\micrometer-observation\1.14.3\micrometer-observation-1.14.3.jar;C:\Users\940pp\.m2\repository\io\micrometer\micrometer-commons\1.14.3\micrometer-commons-1.14.3.jar;C:\Users\940pp\.m2\repository\io\micrometer\micrometer-jakarta9\1.14.3\micrometer-jakarta9-1.14.3.jar;C:\Users\940pp\.m2\repository\io\micrometer\micrometer-core\1.14.3\micrometer-core-1.14.3.jar;C:\Users\940pp\.m2\repository\org\hdrhistogram\HdrHistogram\2.2.2\HdrHistogram-2.2.2.jar;C:\Users\940pp\.m2\repository\org\latencyutils\LatencyUtils\2.0.3\LatencyUtils-2.0.3.jar;C:\Users\940pp\.m2\repository\org\springframework\boot\spring-boot-devtools\3.4.2\spring-boot-devtools-3.4.2.jar;C:\Users\940pp\.m2\repository\org\springframework\boot\spring-boot\3.4.2\spring-boot-3.4.2.jar;C:\Users\940pp\.m2\repository\org\springframework\boot\spring-boot-autoconfigure\3.4.2\spring-boot-autoconfigure-3.4.2.jar;C:\Users\940pp\.m2\repository\org\springframework\boot\spring-boot-starter-data-jpa\3.4.2\spring-boot-starter-data-jpa-3.4.2.jar;C:\Users\940pp\.m2\repository\org\springframework\boot\spring-boot-starter-jdbc\3.4.2\spring-boot-starter-jdbc-3.4.2.jar;C:\Users\940pp\.m2\repository\com\zaxxer\HikariCP\5.1.0\HikariCP-5.1.0.jar;C:\Users\940pp\.m2\repository\org\springframework\spring-jdbc\6.2.2\spring-jdbc-6.2.2.jar;C:\Users\940pp\.m2\repository\org\hibernate\orm\hibernate-core\6.6.5.Final\hibernate-core-6.6.5.Final.jar;C:\Users\940pp\.m2\repository\jakarta\transaction\jakarta.transaction-api\2.0.1\jakarta.transaction-api-2.0.1.jar;C:\Users\940pp\.m2\repository\org\jboss\logging\jboss-logging\3.6.1.Final\jboss-logging-3.6.1.Final.jar;C:\Users\940pp\.m2\repository\org\hibernate\common\hibernate-commons-annotations\7.0.3.Final\hibernate-commons-annotations-7.0.3.Final.jar;C:\Users\940pp\.m2\repository\io\smallrye\jandex\3.2.0\jandex-3.2.0.jar;C:\Users\940pp\.m2\repository\com\fasterxml\classmate\1.7.0\classmate-1.7.0.jar;C:\Users\940pp\.m2\repository\org\glassfish\jaxb\jaxb-runtime\4.0.5\jaxb-runtime-4.0.5.jar;C:\Users\940pp\.m2\repository\org\glassfish\jaxb\jaxb-core\4.0.5\jaxb-core-4.0.5.jar;C:\Users\940pp\.m2\repository\org\eclipse\angus\angus-activation\2.0.2\angus-activation-2.0.2.jar;C:\Users\940pp\.m2\repository\org\glassfish\jaxb\txw2\4.0.5\txw2-4.0.5.jar;C:\Users\940pp\.m2\repository\com\sun\istack\istack-commons-runtime\4.1.2\istack-commons-runtime-4.1.2.jar;C:\Users\940pp\.m2\repository\jakarta\inject\jakarta.inject-api\2.0.1\jakarta.inject-api-2.0.1.jar;C:\Users\940pp\.m2\repository\org\antlr\antlr4-runtime\4.13.0\antlr4-runtime-4.13.0.jar;C:\Users\940pp\.m2\repository\org\springframework\data\spring-data-jpa\3.4.2\spring-data-jpa-3.4.2.jar;C:\Users\940pp\.m2\repository\org\springframework\data\spring-data-commons\3.4.2\spring-data-commons-3.4.2.jar;C:\Users\940pp\.m2\repository\org\springframework\spring-orm\6.2.2\spring-orm-6.2.2.jar;C:\Users\940pp\.m2\repository\org\springframework\spring-tx\6.2.2\spring-tx-6.2.2.jar;C:\Users\940pp\.m2\repository\org\springframework\spring-aspects\6.2.2\spring-aspects-6.2.2.jar;C:\Users\940pp\.m2\repository\org\aspectj\aspectjweaver\1.9.22.1\aspectjweaver-1.9.22.1.jar;C:\Users\940pp\.m2\repository\org\springframework\boot\spring-boot-starter-validation\3.4.2\spring-boot-starter-validation-3.4.2.jar;C:\Users\940pp\.m2\repository\org\apache\tomcat\embed\tomcat-embed-el\10.1.34\tomcat-embed-el-10.1.34.jar;C:\Users\940pp\.m2\repository\org\hibernate\validator\hibernate-validator\8.0.2.Final\hibernate-validator-8.0.2.Final.jar;C:\Users\940pp\.m2\repository\jakarta\validation\jakarta.validation-api\3.0.2\jakarta.validation-api-3.0.2.jar;C:\Users\940pp\.m2\repository\org\jetbrains\annotations\26.0.1\annotations-26.0.1.jar;C:\Users\940pp\.m2\repository\org\springframework\cloud\spring-cloud-starter-config\4.2.0\spring-cloud-starter-config-4.2.0.jar;C:\Users\940pp\.m2\repository\org\springframework\cloud\spring-cloud-starter\4.2.0\spring-cloud-starter-4.2.0.jar;C:\Users\940pp\.m2\repository\org\springframework\cloud\spring-cloud-context\4.2.0\spring-cloud-context-4.2.0.jar;C:\Users\940pp\.m2\repository\org\springframework\security\spring-security-crypto\6.4.2\spring-security-crypto-6.4.2.jar;C:\Users\940pp\.m2\repository\org\springframework\cloud\spring-cloud-commons\4.2.0\spring-cloud-commons-4.2.0.jar;C:\Users\940pp\.m2\repository\org\bouncycastle\bcprov-jdk18on\1.78.1\bcprov-jdk18on-1.78.1.jar;C:\Users\940pp\.m2\repository\org\springframework\cloud\spring-cloud-config-client\4.2.0\spring-cloud-config-client-4.2.0.jar;C:\Users\940pp\.m2\repository\com\fasterxml\jackson\core\jackson-annotations\2.18.2\jackson-annotations-2.18.2.jar;C:\Users\940pp\.m2\repository\org\apache\httpcomponents\client5\httpclient5\5.4.1\httpclient5-5.4.1.jar;C:\Users\940pp\.m2\repository\org\apache\httpcomponents\core5\httpcore5\5.3.2\httpcore5-5.3.2.jar;C:\Users\940pp\.m2\repository\org\apache\httpcomponents\core5\httpcore5-h2\5.3.2\httpcore5-h2-5.3.2.jar;C:\Users\940pp\.m2\repository\com\fasterxml\jackson\core\jackson-databind\2.18.2\jackson-databind-2.18.2.jar;C:\Users\940pp\.m2\repository\com\fasterxml\jackson\core\jackson-core\2.18.2\jackson-core-2.18.2.jar;C:\Users\940pp\.m2\repository\org\springframework\cloud\spring-cloud-starter-bus-amqp\4.2.0\spring-cloud-starter-bus-amqp-4.2.0.jar;C:\Users\940pp\.m2\repository\org\springframework\cloud\spring-cloud-starter-stream-rabbit\4.2.0\spring-cloud-starter-stream-rabbit-4.2.0.jar;C:\Users\940pp\.m2\repository\org\springframework\cloud\spring-cloud-stream-binder-rabbit\4.2.0\spring-cloud-stream-binder-rabbit-4.2.0.jar;C:\Users\940pp\.m2\repository\org\springframework\cloud\spring-cloud-stream-binder-rabbit-core\4.2.0\spring-cloud-stream-binder-rabbit-core-4.2.0.jar;C:\Users\940pp\.m2\repository\org\springframework\boot\spring-boot-starter-webflux\3.4.2\spring-boot-starter-webflux-3.4.2.jar;C:\Users\940pp\.m2\repository\org\springframework\boot\spring-boot-starter-reactor-netty\3.4.2\spring-boot-starter-reactor-netty-3.4.2.jar;C:\Users\940pp\.m2\repository\org\springframework\spring-webflux\6.2.2\spring-webflux-6.2.2.jar;C:\Users\940pp\.m2\repository\io\projectreactor\netty\reactor-netty\1.2.2\reactor-netty-1.2.2.jar;C:\Users\940pp\.m2\repository\io\projectreactor\netty\reactor-netty-core\1.2.2\reactor-netty-core-1.2.2.jar;C:\Users\940pp\.m2\repository\io\netty\netty-handler\4.1.117.Final\netty-handler-4.1.117.Final.jar;C:\Users\940pp\.m2\repository\io\netty\netty-common\4.1.117.Final\netty-common-4.1.117.Final.jar;C:\Users\940pp\.m2\repository\io\netty\netty-resolver\4.1.117.Final\netty-resolver-4.1.117.Final.jar;C:\Users\940pp\.m2\repository\io\netty\netty-buffer\4.1.117.Final\netty-buffer-4.1.117.Final.jar;C:\Users\940pp\.m2\repository\io\netty\netty-transport\4.1.117.Final\netty-transport-4.1.117.Final.jar;C:\Users\940pp\.m2\repository\io\netty\netty-transport-native-unix-common\4.1.117.Final\netty-transport-native-unix-common-4.1.117.Final.jar;C:\Users\940pp\.m2\repository\io\netty\netty-codec\4.1.117.Final\netty-codec-4.1.117.Final.jar;C:\Users\940pp\.m2\repository\io\netty\netty-handler-proxy\4.1.117.Final\netty-handler-proxy-4.1.117.Final.jar;C:\Users\940pp\.m2\repository\io\netty\netty-codec-socks\4.1.117.Final\netty-codec-socks-4.1.117.Final.jar;C:\Users\940pp\.m2\repository\io\netty\netty-resolver-dns\4.1.117.Final\netty-resolver-dns-4.1.117.Final.jar;C:\Users\940pp\.m2\repository\io\netty\netty-codec-dns\4.1.117.Final\netty-codec-dns-4.1.117.Final.jar;C:\Users\940pp\.m2\repository\io\netty\netty-resolver-dns-native-macos\4.1.117.Final\netty-resolver-dns-native-macos-4.1.117.Final-osx-x86_64.jar;C:\Users\940pp\.m2\repository\io\netty\netty-resolver-dns-classes-macos\4.1.117.Final\netty-resolver-dns-classes-macos-4.1.117.Final.jar;C:\Users\940pp\.m2\repository\io\netty\netty-transport-native-epoll\4.1.117.Final\netty-transport-native-epoll-4.1.117.Final-linux-x86_64.jar;C:\Users\940pp\.m2\repository\io\netty\netty-transport-classes-epoll\4.1.117.Final\netty-transport-classes-epoll-4.1.117.Final.jar;C:\Users\940pp\.m2\repository\io\projectreactor\netty\reactor-netty-http\1.2.2\reactor-netty-http-1.2.2.jar;C:\Users\940pp\.m2\repository\io\netty\netty-codec-http\4.1.117.Final\netty-codec-http-4.1.117.Final.jar;C:\Users\940pp\.m2\repository\io\netty\netty-codec-http2\4.1.117.Final\netty-codec-http2-4.1.117.Final.jar;C:\Users\940pp\.m2\repository\io\projectreactor\netty\incubator\reactor-netty-incubator-quic\0.2.2\reactor-netty-incubator-quic-0.2.2.jar;C:\Users\940pp\.m2\repository\io\netty\incubator\netty-incubator-codec-native-quic\0.0.70.Final\netty-incubator-codec-native-quic-0.0.70.Final-linux-x86_64.jar;C:\Users\940pp\.m2\repository\io\netty\incubator\netty-incubator-codec-classes-quic\0.0.70.Final\netty-incubator-codec-classes-quic-0.0.70.Final.jar;C:\Users\940pp\.m2\repository\org\springframework\cloud\spring-cloud-stream\4.2.0\spring-cloud-stream-4.2.0.jar;C:\Users\940pp\.m2\repository\org\springframework\cloud\spring-cloud-function-context\4.2.0\spring-cloud-function-context-4.2.0.jar;C:\Users\940pp\.m2\repository\org\springframework\cloud\spring-cloud-function-core\4.2.0\spring-cloud-function-core-4.2.0.jar;C:\Users\940pp\.m2\repository\org\springframework\boot\spring-boot-starter-amqp\3.4.2\spring-boot-starter-amqp-3.4.2.jar;C:\Users\940pp\.m2\repository\org\springframework\amqp\spring-rabbit\3.2.2\spring-rabbit-3.2.2.jar;C:\Users\940pp\.m2\repository\org\springframework\amqp\spring-amqp\3.2.2\spring-amqp-3.2.2.jar;C:\Users\940pp\.m2\repository\com\rabbitmq\amqp-client\5.22.0\amqp-client-5.22.0.jar;C:\Users\940pp\.m2\repository\org\springframework\integration\spring-integration-amqp\6.4.1\spring-integration-amqp-6.4.1.jar;C:\Users\940pp\.m2\repository\org\springframework\integration\spring-integration-jmx\6.4.1\spring-integration-jmx-6.4.1.jar;C:\Users\940pp\.m2\repository\org\apache\httpcomponents\httpclient\4.5.14\httpclient-4.5.14.jar;C:\Users\940pp\.m2\repository\org\apache\httpcomponents\httpcore\4.4.16\httpcore-4.4.16.jar;C:\Users\940pp\.m2\repository\commons-logging\commons-logging\1.2\commons-logging-1.2.jar;C:\Users\940pp\.m2\repository\commons-codec\commons-codec\1.17.2\commons-codec-1.17.2.jar;C:\Users\940pp\.m2\repository\org\springframework\cloud\spring-cloud-bus\4.2.0\spring-cloud-bus-4.2.0.jar;C:\Users\940pp\.m2\repository\org\springframework\integration\spring-integration-core\6.4.1\spring-integration-core-6.4.1.jar;C:\Users\940pp\.m2\repository\org\springframework\spring-messaging\6.2.2\spring-messaging-6.2.2.jar;C:\Users\940pp\.m2\repository\org\springframework\retry\spring-retry\2.0.11\spring-retry-2.0.11.jar;C:\Users\940pp\.m2\repository\io\projectreactor\reactor-core\3.7.2\reactor-core-3.7.2.jar;C:\Users\940pp\.m2\repository\org\reactivestreams\reactive-streams\1.0.4\reactive-streams-1.0.4.jar;"/>
    <property name="java.vm.vendor" value="Oracle Corporation"/>
    <property name="sun.arch.data.model" value="64"/>
    <property name="user.variant" value=""/>
    <property name="java.vendor.url" value="https://java.oracle.com/"/>
    <property name="user.timezone" value="Asia/Calcutta"/>
    <property name="org.jboss.logging.provider" value="slf4j"/>
    <property name="os.name" value="Windows 11"/>
    <property name="java.vm.specification.version" value="21"/>
    <property name="APPLICATION_NAME" value="accounts"/>
    <property name="sun.java.launcher" value="SUN_STANDARD"/>
    <property name="user.country" value="IN"/>
    <property name="sun.boot.library.path" value="C:\Program Files\Java\jdk-21\bin"/>
    <property name="sun.java.command" value="C:\Users\940pp\AppData\Local\Temp\surefire12484792662318916027\surefirebooter-20250317225629545_3.jar C:\Users\940pp\AppData\Local\Temp\surefire12484792662318916027 2025-03-17T22-56-29_311-jvmRun1 surefire-20250317225629545_1tmp surefire_0-20250317225629545_2tmp"/>
    <property name="jdk.debug" value="release"/>
    <property name="surefire.test.class.path" value="D:\Coding\Java Course\Spring-Project\SpringBootMicroservice-Config\V2_Cloud_Config\Accounts_Microservice\target\test-classes;D:\Coding\Java Course\Spring-Project\SpringBootMicroservice-Config\V2_Cloud_Config\Accounts_Microservice\target\classes;C:\Users\940pp\.m2\repository\org\springframework\boot\spring-boot-starter-web\3.4.2\spring-boot-starter-web-3.4.2.jar;C:\Users\940pp\.m2\repository\org\springframework\boot\spring-boot-starter\3.4.2\spring-boot-starter-3.4.2.jar;C:\Users\940pp\.m2\repository\org\springframework\boot\spring-boot-starter-logging\3.4.2\spring-boot-starter-logging-3.4.2.jar;C:\Users\940pp\.m2\repository\ch\qos\logback\logback-classic\1.5.16\logback-classic-1.5.16.jar;C:\Users\940pp\.m2\repository\ch\qos\logback\logback-core\1.5.16\logback-core-1.5.16.jar;C:\Users\940pp\.m2\repository\org\apache\logging\log4j\log4j-to-slf4j\2.24.3\log4j-to-slf4j-2.24.3.jar;C:\Users\940pp\.m2\repository\org\apache\logging\log4j\log4j-api\2.24.3\log4j-api-2.24.3.jar;C:\Users\940pp\.m2\repository\org\slf4j\jul-to-slf4j\2.0.16\jul-to-slf4j-2.0.16.jar;C:\Users\940pp\.m2\repository\jakarta\annotation\jakarta.annotation-api\2.1.1\jakarta.annotation-api-2.1.1.jar;C:\Users\940pp\.m2\repository\org\yaml\snakeyaml\2.3\snakeyaml-2.3.jar;C:\Users\940pp\.m2\repository\org\springframework\boot\spring-boot-starter-json\3.4.2\spring-boot-starter-json-3.4.2.jar;C:\Users\940pp\.m2\repository\com\fasterxml\jackson\datatype\jackson-datatype-jdk8\2.18.2\jackson-datatype-jdk8-2.18.2.jar;C:\Users\940pp\.m2\repository\com\fasterxml\jackson\datatype\jackson-datatype-jsr310\2.18.2\jackson-datatype-jsr310-2.18.2.jar;C:\Users\940pp\.m2\repository\com\fasterxml\jackson\module\jackson-module-parameter-names\2.18.2\jackson-module-parameter-names-2.18.2.jar;C:\Users\940pp\.m2\repository\org\springframework\boot\spring-boot-starter-tomcat\3.4.2\spring-boot-starter-tomcat-3.4.2.jar;C:\Users\940pp\.m2\repository\org\apache\tomcat\embed\tomcat-embed-core\10.1.34\tomcat-embed-core-10.1.34.jar;C:\Users\940pp\.m2\repository\org\apache\tomcat\embed\tomcat-embed-websocket\10.1.34\tomcat-embed-websocket-10.1.34.jar;C:\Users\940pp\.m2\repository\org\springframework\spring-web\6.2.2\spring-web-6.2.2.jar;C:\Users\940pp\.m2\repository\org\springframework\spring-beans\6.2.2\spring-beans-6.2.2.jar;C:\Users\940pp\.m2\repository\org\springframework\spring-webmvc\6.2.2\spring-webmvc-6.2.2.jar;C:\Users\940pp\.m2\repository\org\springframework\spring-aop\6.2.2\spring-aop-6.2.2.jar;C:\Users\940pp\.m2\repository\org\springframework\spring-context\6.2.2\spring-context-6.2.2.jar;C:\Users\940pp\.m2\repository\org\springframework\spring-expression\6.2.2\spring-expression-6.2.2.jar;C:\Users\940pp\.m2\repository\org\springdoc\springdoc-openapi-starter-webmvc-ui\2.8.5\springdoc-openapi-starter-webmvc-ui-2.8.5.jar;C:\Users\940pp\.m2\repository\org\springdoc\springdoc-openapi-starter-webmvc-api\2.8.5\springdoc-openapi-starter-webmvc-api-2.8.5.jar;C:\Users\940pp\.m2\repository\org\springdoc\springdoc-openapi-starter-common\2.8.5\springdoc-openapi-starter-common-2.8.5.jar;C:\Users\940pp\.m2\repository\io\swagger\core\v3\swagger-core-jakarta\2.2.28\swagger-core-jakarta-2.2.28.jar;C:\Users\940pp\.m2\repository\org\apache\commons\commons-lang3\3.17.0\commons-lang3-3.17.0.jar;C:\Users\940pp\.m2\repository\io\swagger\core\v3\swagger-annotations-jakarta\2.2.28\swagger-annotations-jakarta-2.2.28.jar;C:\Users\940pp\.m2\repository\io\swagger\core\v3\swagger-models-jakarta\2.2.28\swagger-models-jakarta-2.2.28.jar;C:\Users\940pp\.m2\repository\com\fasterxml\jackson\dataformat\jackson-dataformat-yaml\2.18.2\jackson-dataformat-yaml-2.18.2.jar;C:\Users\940pp\.m2\repository\org\webjars\swagger-ui\5.18.3\swagger-ui-5.18.3.jar;C:\Users\940pp\.m2\repository\org\webjars\webjars-locator-lite\1.0.1\webjars-locator-lite-1.0.1.jar;C:\Users\940pp\.m2\repository\org\jspecify\jspecify\1.0.0\jspecify-1.0.0.jar;C:\Users\940pp\.m2\repository\com\h2database\h2\2.3.232\h2-2.3.232.jar;C:\Users\940pp\.m2\repository\jakarta\persistence\jakarta.persistence-api\3.1.0\jakarta.persistence-api-3.1.0.jar;C:\Users\940pp\.m2\repository\org\projectlombok\lombok\1.18.36\lombok-1.18.36.jar;C:\Users\940pp\.m2\repository\org\springframework\boot\spring-boot-starter-test\3.4.2\spring-boot-starter-test-3.4.2.jar;C:\Users\940pp\.m2\repository\org\springframework\boot\spring-boot-test\3.4.2\spring-boot-test-3.4.2.jar;C:\Users\940pp\.m2\repository\org\springframework\boot\spring-boot-test-autoconfigure\3.4.2\spring-boot-test-autoconfigure-3.4.2.jar;C:\Users\940pp\.m2\repository\com\jayway\jsonpath\json-path\2.9.0\json-path-2.9.0.jar;C:\Users\940pp\.m2\repository\org\slf4j\slf4j-api\2.0.16\slf4j-api-2.0.16.jar;C:\Users\940pp\.m2\repository\jakarta\xml\bind\jakarta.xml.bind-api\4.0.2\jakarta.xml.bind-api-4.0.2.jar;C:\Users\940pp\.m2\repository\jakarta\activation\jakarta.activation-api\2.1.3\jakarta.activation-api-2.1.3.jar;C:\Users\940pp\.m2\repository\net\minidev\json-smart\2.5.1\json-smart-2.5.1.jar;C:\Users\940pp\.m2\repository\net\minidev\accessors-smart\2.5.1\accessors-smart-2.5.1.jar;C:\Users\940pp\.m2\repository\org\ow2\asm\asm\9.6\asm-9.6.jar;C:\Users\940pp\.m2\repository\org\assertj\assertj-core\3.26.3\assertj-core-3.26.3.jar;C:\Users\940pp\.m2\repository\net\bytebuddy\byte-buddy\1.15.11\byte-buddy-1.15.11.jar;C:\Users\940pp\.m2\repository\org\awaitility\awaitility\4.2.2\awaitility-4.2.2.jar;C:\Users\940pp\.m2\repository\org\hamcrest\hamcrest\2.2\hamcrest-2.2.jar;C:\Users\940pp\.m2\repository\org\junit\jupiter\junit-jupiter\5.11.4\junit-jupiter-5.11.4.jar;C:\Users\940pp\.m2\repository\org\junit\jupiter\junit-jupiter-api\5.11.4\junit-jupiter-api-5.11.4.jar;C:\Users\940pp\.m2\repository\org\opentest4j\opentest4j\1.3.0\opentest4j-1.3.0.jar;C:\Users\940pp\.m2\repository\org\junit\platform\junit-platform-commons\1.11.4\junit-platform-commons-1.11.4.jar;C:\Users\940pp\.m2\repository\org\apiguardian\apiguardian-api\1.1.2\apiguardian-api-1.1.2.jar;C:\Users\940pp\.m2\repository\org\junit\jupiter\junit-jupiter-params\5.11.4\junit-jupiter-params-5.11.4.jar;C:\Users\940pp\.m2\repository\org\junit\jupiter\junit-jupiter-engine\5.11.4\junit-jupiter-engine-5.11.4.jar;C:\Users\940pp\.m2\repository\org\junit\platform\junit-platform-engine\1.11.4\junit-platform-engine-1.11.4.jar;C:\Users\940pp\.m2\repository\org\mockito\mockito-core\5.14.2\mockito-core-5.14.2.jar;C:\Users\940pp\.m2\repository\net\bytebuddy\byte-buddy-agent\1.15.11\byte-buddy-agent-1.15.11.jar;C:\Users\940pp\.m2\repository\org\objenesis\objenesis\3.3\objenesis-3.3.jar;C:\Users\940pp\.m2\repository\org\mockito\mockito-junit-jupiter\5.14.2\mockito-junit-jupiter-5.14.2.jar;C:\Users\940pp\.m2\repository\org\skyscreamer\jsonassert\1.5.3\jsonassert-1.5.3.jar;C:\Users\940pp\.m2\repository\com\vaadin\external\google\android-json\0.0.20131108.vaadin1\android-json-0.0.20131108.vaadin1.jar;C:\Users\940pp\.m2\repository\org\springframework\spring-core\6.2.2\spring-core-6.2.2.jar;C:\Users\940pp\.m2\repository\org\springframework\spring-jcl\6.2.2\spring-jcl-6.2.2.jar;C:\Users\940pp\.m2\repository\org\springframework\spring-test\6.2.2\spring-test-6.2.2.jar;C:\Users\940pp\.m2\repository\org\xmlunit\xmlunit-core\2.10.0\xmlunit-core-2.10.0.jar;C:\Users\940pp\.m2\repository\org\springframework\boot\spring-boot-starter-actuator\3.4.2\spring-boot-starter-actuator-3.4.2.jar;C:\Users\940pp\.m2\repository\org\springframework\boot\spring-boot-actuator-autoconfigure\3.4.2\spring-boot-actuator-autoconfigure-3.4.2.jar;C:\Users\940pp\.m2\repository\org\springframework\boot\spring-boot-actuator\3.4.2\spring-boot-actuator-3.4.2.jar;C:\Users\940pp\.m2\repository\io\micrometer\micrometer-observation\1.14.3\micrometer-observation-1.14.3.jar;C:\Users\940pp\.m2\repository\io\micrometer\micrometer-commons\1.14.3\micrometer-commons-1.14.3.jar;C:\Users\940pp\.m2\repository\io\micrometer\micrometer-jakarta9\1.14.3\micrometer-jakarta9-1.14.3.jar;C:\Users\940pp\.m2\repository\io\micrometer\micrometer-core\1.14.3\micrometer-core-1.14.3.jar;C:\Users\940pp\.m2\repository\org\hdrhistogram\HdrHistogram\2.2.2\HdrHistogram-2.2.2.jar;C:\Users\940pp\.m2\repository\org\latencyutils\LatencyUtils\2.0.3\LatencyUtils-2.0.3.jar;C:\Users\940pp\.m2\repository\org\springframework\boot\spring-boot-devtools\3.4.2\spring-boot-devtools-3.4.2.jar;C:\Users\940pp\.m2\repository\org\springframework\boot\spring-boot\3.4.2\spring-boot-3.4.2.jar;C:\Users\940pp\.m2\repository\org\springframework\boot\spring-boot-autoconfigure\3.4.2\spring-boot-autoconfigure-3.4.2.jar;C:\Users\940pp\.m2\repository\org\springframework\boot\spring-boot-starter-data-jpa\3.4.2\spring-boot-starter-data-jpa-3.4.2.jar;C:\Users\940pp\.m2\repository\org\springframework\boot\spring-boot-starter-jdbc\3.4.2\spring-boot-starter-jdbc-3.4.2.jar;C:\Users\940pp\.m2\repository\com\zaxxer\HikariCP\5.1.0\HikariCP-5.1.0.jar;C:\Users\940pp\.m2\repository\org\springframework\spring-jdbc\6.2.2\spring-jdbc-6.2.2.jar;C:\Users\940pp\.m2\repository\org\hibernate\orm\hibernate-core\6.6.5.Final\hibernate-core-6.6.5.Final.jar;C:\Users\940pp\.m2\repository\jakarta\transaction\jakarta.transaction-api\2.0.1\jakarta.transaction-api-2.0.1.jar;C:\Users\940pp\.m2\repository\org\jboss\logging\jboss-logging\3.6.1.Final\jboss-logging-3.6.1.Final.jar;C:\Users\940pp\.m2\repository\org\hibernate\common\hibernate-commons-annotations\7.0.3.Final\hibernate-commons-annotations-7.0.3.Final.jar;C:\Users\940pp\.m2\repository\io\smallrye\jandex\3.2.0\jandex-3.2.0.jar;C:\Users\940pp\.m2\repository\com\fasterxml\classmate\1.7.0\classmate-1.7.0.jar;C:\Users\940pp\.m2\repository\org\glassfish\jaxb\jaxb-runtime\4.0.5\jaxb-runtime-4.0.5.jar;C:\Users\940pp\.m2\repository\org\glassfish\jaxb\jaxb-core\4.0.5\jaxb-core-4.0.5.jar;C:\Users\940pp\.m2\repository\org\eclipse\angus\angus-activation\2.0.2\angus-activation-2.0.2.jar;C:\Users\940pp\.m2\repository\org\glassfish\jaxb\txw2\4.0.5\txw2-4.0.5.jar;C:\Users\940pp\.m2\repository\com\sun\istack\istack-commons-runtime\4.1.2\istack-commons-runtime-4.1.2.jar;C:\Users\940pp\.m2\repository\jakarta\inject\jakarta.inject-api\2.0.1\jakarta.inject-api-2.0.1.jar;C:\Users\940pp\.m2\repository\org\antlr\antlr4-runtime\4.13.0\antlr4-runtime-4.13.0.jar;C:\Users\940pp\.m2\repository\org\springframework\data\spring-data-jpa\3.4.2\spring-data-jpa-3.4.2.jar;C:\Users\940pp\.m2\repository\org\springframework\data\spring-data-commons\3.4.2\spring-data-commons-3.4.2.jar;C:\Users\940pp\.m2\repository\org\springframework\spring-orm\6.2.2\spring-orm-6.2.2.jar;C:\Users\940pp\.m2\repository\org\springframework\spring-tx\6.2.2\spring-tx-6.2.2.jar;C:\Users\940pp\.m2\repository\org\springframework\spring-aspects\6.2.2\spring-aspects-6.2.2.jar;C:\Users\940pp\.m2\repository\org\aspectj\aspectjweaver\1.9.22.1\aspectjweaver-1.9.22.1.jar;C:\Users\940pp\.m2\repository\org\springframework\boot\spring-boot-starter-validation\3.4.2\spring-boot-starter-validation-3.4.2.jar;C:\Users\940pp\.m2\repository\org\apache\tomcat\embed\tomcat-embed-el\10.1.34\tomcat-embed-el-10.1.34.jar;C:\Users\940pp\.m2\repository\org\hibernate\validator\hibernate-validator\8.0.2.Final\hibernate-validator-8.0.2.Final.jar;C:\Users\940pp\.m2\repository\jakarta\validation\jakarta.validation-api\3.0.2\jakarta.validation-api-3.0.2.jar;C:\Users\940pp\.m2\repository\org\jetbrains\annotations\26.0.1\annotations-26.0.1.jar;C:\Users\940pp\.m2\repository\org\springframework\cloud\spring-cloud-starter-config\4.2.0\spring-cloud-starter-config-4.2.0.jar;C:\Users\940pp\.m2\repository\org\springframework\cloud\spring-cloud-starter\4.2.0\spring-cloud-starter-4.2.0.jar;C:\Users\940pp\.m2\repository\org\springframework\cloud\spring-cloud-context\4.2.0\spring-cloud-context-4.2.0.jar;C:\Users\940pp\.m2\repository\org\springframework\security\spring-security-crypto\6.4.2\spring-security-crypto-6.4.2.jar;C:\Users\940pp\.m2\repository\org\springframework\cloud\spring-cloud-commons\4.2.0\spring-cloud-commons-4.2.0.jar;C:\Users\940pp\.m2\repository\org\bouncycastle\bcprov-jdk18on\1.78.1\bcprov-jdk18on-1.78.1.jar;C:\Users\940pp\.m2\repository\org\springframework\cloud\spring-cloud-config-client\4.2.0\spring-cloud-config-client-4.2.0.jar;C:\Users\940pp\.m2\repository\com\fasterxml\jackson\core\jackson-annotations\2.18.2\jackson-annotations-2.18.2.jar;C:\Users\940pp\.m2\repository\org\apache\httpcomponents\client5\httpclient5\5.4.1\httpclient5-5.4.1.jar;C:\Users\940pp\.m2\repository\org\apache\httpcomponents\core5\httpcore5\5.3.2\httpcore5-5.3.2.jar;C:\Users\940pp\.m2\repository\org\apache\httpcomponents\core5\httpcore5-h2\5.3.2\httpcore5-h2-5.3.2.jar;C:\Users\940pp\.m2\repository\com\fasterxml\jackson\core\jackson-databind\2.18.2\jackson-databind-2.18.2.jar;C:\Users\940pp\.m2\repository\com\fasterxml\jackson\core\jackson-core\2.18.2\jackson-core-2.18.2.jar;C:\Users\940pp\.m2\repository\org\springframework\cloud\spring-cloud-starter-bus-amqp\4.2.0\spring-cloud-starter-bus-amqp-4.2.0.jar;C:\Users\940pp\.m2\repository\org\springframework\cloud\spring-cloud-starter-stream-rabbit\4.2.0\spring-cloud-starter-stream-rabbit-4.2.0.jar;C:\Users\940pp\.m2\repository\org\springframework\cloud\spring-cloud-stream-binder-rabbit\4.2.0\spring-cloud-stream-binder-rabbit-4.2.0.jar;C:\Users\940pp\.m2\repository\org\springframework\cloud\spring-cloud-stream-binder-rabbit-core\4.2.0\spring-cloud-stream-binder-rabbit-core-4.2.0.jar;C:\Users\940pp\.m2\repository\org\springframework\boot\spring-boot-starter-webflux\3.4.2\spring-boot-starter-webflux-3.4.2.jar;C:\Users\940pp\.m2\repository\org\springframework\boot\spring-boot-starter-reactor-netty\3.4.2\spring-boot-starter-reactor-netty-3.4.2.jar;C:\Users\940pp\.m2\repository\org\springframework\spring-webflux\6.2.2\spring-webflux-6.2.2.jar;C:\Users\940pp\.m2\repository\io\projectreactor\netty\reactor-netty\1.2.2\reactor-netty-1.2.2.jar;C:\Users\940pp\.m2\repository\io\projectreactor\netty\reactor-netty-core\1.2.2\reactor-netty-core-1.2.2.jar;C:\Users\940pp\.m2\repository\io\netty\netty-handler\4.1.117.Final\netty-handler-4.1.117.Final.jar;C:\Users\940pp\.m2\repository\io\netty\netty-common\4.1.117.Final\netty-common-4.1.117.Final.jar;C:\Users\940pp\.m2\repository\io\netty\netty-resolver\4.1.117.Final\netty-resolver-4.1.117.Final.jar;C:\Users\940pp\.m2\repository\io\netty\netty-buffer\4.1.117.Final\netty-buffer-4.1.117.Final.jar;C:\Users\940pp\.m2\repository\io\netty\netty-transport\4.1.117.Final\netty-transport-4.1.117.Final.jar;C:\Users\940pp\.m2\repository\io\netty\netty-transport-native-unix-common\4.1.117.Final\netty-transport-native-unix-common-4.1.117.Final.jar;C:\Users\940pp\.m2\repository\io\netty\netty-codec\4.1.117.Final\netty-codec-4.1.117.Final.jar;C:\Users\940pp\.m2\repository\io\netty\netty-handler-proxy\4.1.117.Final\netty-handler-proxy-4.1.117.Final.jar;C:\Users\940pp\.m2\repository\io\netty\netty-codec-socks\4.1.117.Final\netty-codec-socks-4.1.117.Final.jar;C:\Users\940pp\.m2\repository\io\netty\netty-resolver-dns\4.1.117.Final\netty-resolver-dns-4.1.117.Final.jar;C:\Users\940pp\.m2\repository\io\netty\netty-codec-dns\4.1.117.Final\netty-codec-dns-4.1.117.Final.jar;C:\Users\940pp\.m2\repository\io\netty\netty-resolver-dns-native-macos\4.1.117.Final\netty-resolver-dns-native-macos-4.1.117.Final-osx-x86_64.jar;C:\Users\940pp\.m2\repository\io\netty\netty-resolver-dns-classes-macos\4.1.117.Final\netty-resolver-dns-classes-macos-4.1.117.Final.jar;C:\Users\940pp\.m2\repository\io\netty\netty-transport-native-epoll\4.1.117.Final\netty-transport-native-epoll-4.1.117.Final-linux-x86_64.jar;C:\Users\940pp\.m2\repository\io\netty\netty-transport-classes-epoll\4.1.117.Final\netty-transport-classes-epoll-4.1.117.Final.jar;C:\Users\940pp\.m2\repository\io\projectreactor\netty\reactor-netty-http\1.2.2\reactor-netty-http-1.2.2.jar;C:\Users\940pp\.m2\repository\io\netty\netty-codec-http\4.1.117.Final\netty-codec-http-4.1.117.Final.jar;C:\Users\940pp\.m2\repository\io\netty\netty-codec-http2\4.1.117.Final\netty-codec-http2-4.1.117.Final.jar;C:\Users\940pp\.m2\repository\io\projectreactor\netty\incubator\reactor-netty-incubator-quic\0.2.2\reactor-netty-incubator-quic-0.2.2.jar;C:\Users\940pp\.m2\repository\io\netty\incubator\netty-incubator-codec-native-quic\0.0.70.Final\netty-incubator-codec-native-quic-0.0.70.Final-linux-x86_64.jar;C:\Users\940pp\.m2\repository\io\netty\incubator\netty-incubator-codec-classes-quic\0.0.70.Final\netty-incubator-codec-classes-quic-0.0.70.Final.jar;C:\Users\940pp\.m2\repository\org\springframework\cloud\spring-cloud-stream\4.2.0\spring-cloud-stream-4.2.0.jar;C:\Users\940pp\.m2\repository\org\springframework\cloud\spring-cloud-function-context\4.2.0\spring-cloud-function-context-4.2.0.jar;C:\Users\940pp\.m2\repository\org\springframework\cloud\spring-cloud-function-core\4.2.0\spring-cloud-function-core-4.2.0.jar;C:\Users\940pp\.m2\repository\org\springframework\boot\spring-boot-starter-amqp\3.4.2\spring-boot-starter-amqp-3.4.2.jar;C:\Users\940pp\.m2\repository\org\springframework\amqp\spring-rabbit\3.2.2\spring-rabbit-3.2.2.jar;C:\Users\940pp\.m2\repository\org\springframework\amqp\spring-amqp\3.2.2\spring-amqp-3.2.2.jar;C:\Users\940pp\.m2\repository\com\rabbitmq\amqp-client\5.22.0\amqp-client-5.22.0.jar;C:\Users\940pp\.m2\repository\org\springframework\integration\spring-integration-amqp\6.4.1\spring-integration-amqp-6.4.1.jar;C:\Users\940pp\.m2\repository\org\springframework\integration\spring-integration-jmx\6.4.1\spring-integration-jmx-6.4.1.jar;C:\Users\940pp\.m2\repository\org\apache\httpcomponents\httpclient\4.5.14\httpclient-4.5.14.jar;C:\Users\940pp\.m2\repository\org\apache\httpcomponents\httpcore\4.4.16\httpcore-4.4.16.jar;C:\Users\940pp\.m2\repository\commons-logging\commons-logging\1.2\commons-logging-1.2.jar;C:\Users\940pp\.m2\repository\commons-codec\commons-codec\1.17.2\commons-codec-1.17.2.jar;C:\Users\940pp\.m2\repository\org\springframework\cloud\spring-cloud-bus\4.2.0\spring-cloud-bus-4.2.0.jar;C:\Users\940pp\.m2\repository\org\springframework\integration\spring-integration-core\6.4.1\spring-integration-core-6.4.1.jar;C:\Users\940pp\.m2\repository\org\springframework\spring-messaging\6.2.2\spring-messaging-6.2.2.jar;C:\Users\940pp\.m2\repository\org\springframework\retry\spring-retry\2.0.11\spring-retry-2.0.11.jar;C:\Users\940pp\.m2\repository\io\projectreactor\reactor-core\3.7.2\reactor-core-3.7.2.jar;C:\Users\940pp\.m2\repository\org\reactivestreams\reactive-streams\1.0.4\reactive-streams-1.0.4.jar;"/>
    <property name="sun.cpu.endian" value="little"/>
    <property name="user.home" value="C:\Users\940pp"/>
    <property name="user.language" value="en"/>
    <property name="java.specification.vendor" value="Oracle Corporation"/>
    <property name="java.version.date" value="2024-10-15"/>
    <property name="java.home" value="C:\Program Files\Java\jdk-21"/>
    <property name="file.separator" value="\"/>
    <property name="basedir" value="D:\Coding\Java Course\Spring-Project\SpringBootMicroservice-Config\V2_Cloud_Config\Accounts_Microservice"/>
    <property name="java.vm.compressedOopsMode" value="Zero based"/>
    <property name="line.separator" value="&#10;"/>
    <property name="java.vm.specification.vendor" value="Oracle Corporation"/>
    <property name="java.specification.name" value="Java Platform API Specification"/>
    <property name="FILE_LOG_CHARSET" value="UTF-8"/>
    <property name="java.awt.headless" value="true"/>
    <property name="surefire.real.class.path" value="C:\Users\940pp\AppData\Local\Temp\surefire12484792662318916027\surefirebooter-20250317225629545_3.jar"/>
    <property name="user.script" value=""/>
    <property name="sun.management.compiler" value="HotSpot 64-Bit Tiered Compilers"/>
    <property name="java.runtime.version" value="21.0.5+9-LTS-239"/>
    <property name="user.name" value="940pp"/>
    <property name="stdout.encoding" value="Cp1252"/>
    <property name="path.separator" value=";"/>
    <property name="os.version" value="10.0"/>
    <property name="java.runtime.name" value="Java(TM) SE Runtime Environment"/>
    <property name="file.encoding" value="UTF-8"/>
    <property name="java.vm.name" value="Java HotSpot(TM) 64-Bit Server VM"/>
    <property name="localRepository" value="C:\Users\940pp\.m2\repository"/>
    <property name="java.vendor.url.bug" value="https://bugreport.java.com/bugreport/"/>
    <property name="java.io.tmpdir" value="C:\Users\940pp\AppData\Local\Temp\"/>
    <property name="com.zaxxer.hikari.pool_number" value="1"/>
    <property name="java.version" value="21.0.5"/>
    <property name="user.dir" value="D:\Coding\Java Course\Spring-Project\SpringBootMicroservice-Config\V2_Cloud_Config\Accounts_Microservice"/>
    <property name="os.arch" value="amd64"/>
    <property name="java.vm.specification.name" value="Java Virtual Machine Specification"/>
    <property name="PID" value="28912"/>
    <property name="sun.os.patch.level" value=""/>
    <property name="CONSOLE_LOG_CHARSET" value="UTF-8"/>
    <property name="native.encoding" value="Cp1252"/>
    <property name="java.library.path" value="C:\Program Files\Java\jdk-21\bin;C:\WINDOWS\Sun\Java\bin;C:\WINDOWS\system32;C:\WINDOWS;c:\Users\940pp\AppData\Local\Programs\cursor\resources\app\bin;C:\Program Files\Common Files\Oracle\Java\javapath;C:\Program Files\Java\jdk-21\bin;C:\WINDOWS\system32;C:\WINDOWS;C:\WINDOWS\System32\Wbem;C:\WINDOWS\System32\WindowsPowerShell\v1.0\;C:\WINDOWS\System32\OpenSSH\;C:\Program Files\dotnet\;C:\Program Files\MySQL\MySQL Server 8.0\bin;C:\ProgramData\chocolatey\bin;C:\Program Files\Git\cmd;C:\Program Files\apache-maven-3.9.9\bin;;C:\Program Files\nodejs\;C:\Program Files\MySQL\MySQL Shell 8.0\bin\;C:\Users\940pp\AppData\Local\Programs\Python\Python312\Scripts\;C:\Users\940pp\AppData\Local\Programs\Python\Python312\;C:\Users\940pp\AppData\Local\Microsoft\WindowsApps;C:\Users\940pp\AppData\Local\GitHubDesktop\bin;C:\Users\940pp\AppData\Local\Programs\mongosh\;C:\Program Files\MongoDB\Server\7.0\bin;C:\msys64\ucrt64\bin;C:\Program Files\JetBrains\IntelliJ IDEA Community Edition 2024.3\bin;C:\Program Files\JetBrains\WebStorm 2024.3.1\bin;C:\Program Files\JetBrai;C:\Program Files\Docker\Docker\resources\bin;C:\Users\940pp\scoop\shims;C:\Program Files\MySQL\MySQL Shell 8.0\bin\;C:\Users\940pp\AppData\Local\Programs\Python\Python312\Scripts\;C:\Users\940pp\AppData\Local\Programs\Python\Python312\;C:\Users\940pp\AppData\Local\Microsoft\WindowsApps;C:\Users\940pp\AppData\Local\Programs\Microsoft VS Code\bin;C:\Users\940pp\AppData\Local\GitHubDesktop\bin;C:\Users\940pp\AppData\Local\Programs\mongosh\;C:\Program Files\MongoDB\Server\7.0\bin;C:\msys64\ucrt64\bin;C:\Program Files\JetBrains\IntelliJ IDEA Community Edition 2024.3\bin;C:\Program Files\JetBrains\WebStorm 2024.3.1\bin;C:\Program Files\JetBrains\IntelliJ IDEA 2024.3.1\bin;C:\Program Files\JetBrains\DataGrip 2024.3.2\bin;C:\Program Files\JetBrains\PyCharm 2024.3.1\bin;C:\Users\940pp\AppData\Local\gitkraken\bin;C:\Program Files\JetBrains\Aqua 2024.3\bin;;D:\JetBrains\CLion 2024.3.2\bin;;D:\Jetbrain CLion\GoLand 2024.3.1\bin;;C:\Users\940pp\AppData\Roaming\npm;D:\JetBrains\DataGrip 2024.3.3\bin;;D:\JetBrains\RustRover 2024.3.2\bin;;C:\Users\940pp\AppData\Local\Microsoft\WindowsApps;;D:\JetBrains\WebStorm 2024.3.2.1\bin;;."/>
    <property name="java.vm.info" value="mixed mode, sharing"/>
    <property name="stderr.encoding" value="Cp1252"/>
    <property name="java.vendor" value="Oracle Corporation"/>
    <property name="java.vm.version" value="21.0.5+9-LTS-239"/>
    <property name="spring.cloud.function.rsocket.enabled" value="false"/>
    <property name="sun.io.unicode.encoding" value="UnicodeLittle"/>
    <property name="java.class.version" value="65.0"/>
    <property name="LOGGED_APPLICATION_NAME" value="[accounts] "/>
  </properties>
  <testcase name="contextLoads" classname="com.micronauticals.springbootmicroservice.AccountsMicroserviceTests" time="0.955">
    <system-out><![CDATA[22:56:31.362 [main] INFO org.springframework.test.context.support.AnnotationConfigContextLoaderUtils -- Could not detect default configuration classes for test class [com.micronauticals.springbootmicroservice.AccountsMicroserviceTests]: AccountsMicroserviceTests does not declare any static, non-private, non-final, nested classes annotated with @Configuration.
22:56:31.585 [main] INFO org.springframework.boot.test.context.SpringBootTestContextBootstrapper -- Found @SpringBootConfiguration com.micronauticals.springbootmicroservice.AccountsMicroservice for test class com.micronauticals.springbootmicroservice.AccountsMicroserviceTests
22:56:32.247 [main] INFO org.springframework.boot.devtools.restart.RestartApplicationListener -- Restart disabled due to context in which it is running

  .   ____          _            __ _ _
 /\\ / ___'_ __ _ _(_)_ __  __ _ \ \ \ \
( ( )\___ | '_ | '_| | '_ \/ _` | \ \ \ \
 \\/  ___)| |_)| | | | | || (_| |  ) ) ) )
  '  |____| .__|_| |_|_| |_\__, | / / / /
 =========|_|==============|___/=/_/_/_/

 :: Spring Boot ::                (v3.4.2)

2025-03-17T22:56:36.661+05:30  INFO 28912 --- [accounts] [           main] c.m.s.AccountsMicroserviceTests          : Starting AccountsMicroserviceTests using Java 21.0.5 with PID 28912 (started by 940pp in D:\Coding\Java Course\Spring-Project\SpringBootMicroservice-Config\V2_Cloud_Config\Accounts_Microservice)
2025-03-17T22:56:36.666+05:30  INFO 28912 --- [accounts] [           main] c.m.s.AccountsMicroserviceTests          : The following 1 profile is active: "prod"
2025-03-17T22:56:36.743+05:30  INFO 28912 --- [accounts] [           main] o.s.c.c.c.ConfigServerConfigDataLoader   : Fetching config from server at : http://configserver:8084/
2025-03-17T22:56:36.744+05:30  INFO 28912 --- [accounts] [           main] o.s.c.c.c.ConfigServerConfigDataLoader   : Exception on Url - http://configserver:8084/:org.springframework.web.client.ResourceAccessException: I/O error on GET request for "http://configserver:8084/accounts/default": configserver. Will be trying the next url if available
2025-03-17T22:56:36.745+05:30  WARN 28912 --- [accounts] [           main] o.s.c.c.c.ConfigServerConfigDataLoader   : Could not locate PropertySource ([ConfigServerConfigDataResource@295bf2a uris = array<String>['http://configserver:8084/'], optional = true, profiles = 'default']): I/O error on GET request for "http://configserver:8084/accounts/default": configserver
2025-03-17T22:56:36.745+05:30  INFO 28912 --- [accounts] [           main] o.s.c.c.c.ConfigServerConfigDataLoader   : Fetching config from server at : http://configserver:8084/
2025-03-17T22:56:36.745+05:30  INFO 28912 --- [accounts] [           main] o.s.c.c.c.ConfigServerConfigDataLoader   : Exception on Url - http://configserver:8084/:org.springframework.web.client.ResourceAccessException: I/O error on GET request for "http://configserver:8084/accounts/prod": configserver. Will be trying the next url if available
2025-03-17T22:56:36.746+05:30  WARN 28912 --- [accounts] [           main] o.s.c.c.c.ConfigServerConfigDataLoader   : Could not locate PropertySource ([ConfigServerConfigDataResource@1866da85 uris = array<String>['http://configserver:8084/'], optional = true, profiles = 'prod']): I/O error on GET request for "http://configserver:8084/accounts/prod": configserver
2025-03-17T22:56:36.746+05:30  INFO 28912 --- [accounts] [           main] o.s.c.c.c.ConfigServerConfigDataLoader   : Fetching config from server at : http://configserver:8084/
2025-03-17T22:56:36.746+05:30  INFO 28912 --- [accounts] [           main] o.s.c.c.c.ConfigServerConfigDataLoader   : Exception on Url - http://configserver:8084/:org.springframework.web.client.ResourceAccessException: I/O error on GET request for "http://configserver:8084/accounts/default": configserver. Will be trying the next url if available
2025-03-17T22:56:36.747+05:30  WARN 28912 --- [accounts] [           main] o.s.c.c.c.ConfigServerConfigDataLoader   : Could not locate PropertySource ([ConfigServerConfigDataResource@4cfa8227 uris = array<String>['http://configserver:8084/'], optional = true, profiles = 'default']): I/O error on GET request for "http://configserver:8084/accounts/default": configserver
2025-03-17T22:56:40.319+05:30  INFO 28912 --- [accounts] [           main] .s.d.r.c.RepositoryConfigurationDelegate : Bootstrapping Spring Data JPA repositories in DEFAULT mode.
2025-03-17T22:56:40.807+05:30  INFO 28912 --- [accounts] [           main] .s.d.r.c.RepositoryConfigurationDelegate : Finished Spring Data repository scanning in 462 ms. Found 2 JPA repository interfaces.
2025-03-17T22:56:41.442+05:30  INFO 28912 --- [accounts] [           main] faultConfiguringBeanFactoryPostProcessor : No bean named 'errorChannel' has been explicitly defined. Therefore, a default PublishSubscribeChannel will be created.
2025-03-17T22:56:41.472+05:30  INFO 28912 --- [accounts] [           main] faultConfiguringBeanFactoryPostProcessor : No bean named 'integrationHeaderChannelRegistry' has been explicitly defined. Therefore, a default DefaultHeaderChannelRegistry will be created.
2025-03-17T22:56:41.807+05:30  INFO 28912 --- [accounts] [           main] o.s.cloud.context.scope.GenericScope     : BeanFactory id=a80eb39a-8f90-3b9a-b7b3-e37b47d09b69
2025-03-17T22:56:43.820+05:30  INFO 28912 --- [accounts] [           main] com.zaxxer.hikari.HikariDataSource       : HikariPool-1 - Starting...
2025-03-17T22:56:44.291+05:30  INFO 28912 --- [accounts] [           main] com.zaxxer.hikari.pool.HikariPool        : HikariPool-1 - Added connection conn0: url=jdbc:h2:mem:springbootdb user=SA
2025-03-17T22:56:44.297+05:30  INFO 28912 --- [accounts] [           main] com.zaxxer.hikari.HikariDataSource       : HikariPool-1 - Start completed.
2025-03-17T22:56:44.847+05:30  INFO 28912 --- [accounts] [           main] o.hibernate.jpa.internal.util.LogHelper  : HHH000204: Processing PersistenceUnitInfo [name: default]
2025-03-17T22:56:45.098+05:30  INFO 28912 --- [accounts] [           main] org.hibernate.Version                    : HHH000412: Hibernate ORM core version 6.6.5.Final
2025-03-17T22:56:45.254+05:30  INFO 28912 --- [accounts] [           main] o.h.c.internal.RegionFactoryInitiator    : HHH000026: Second-level cache disabled
2025-03-17T22:56:45.946+05:30  INFO 28912 --- [accounts] [           main] o.s.o.j.p.SpringPersistenceUnitInfo      : No LoadTimeWeaver setup: ignoring JPA class transformer
2025-03-17T22:56:46.200+05:30  INFO 28912 --- [accounts] [           main] org.hibernate.orm.connections.pooling    : HHH10001005: Database info:
	Database JDBC URL [Connecting through datasource 'HikariDataSource (HikariPool-1)']
	Database driver: undefined/unknown
	Database version: 2.3.232
	Autocommit mode: undefined/unknown
	Isolation level: undefined/unknown
	Minimum pool size: undefined/unknown
	Maximum pool size: undefined/unknown
Hibernate: alter table if exists accounts alter column created_at set data type timestamp(6)
Hibernate: alter table if exists accounts alter column created_by set data type varchar(255)
Hibernate: alter table if exists accounts alter column updated_at set data type timestamp(6)
Hibernate: alter table if exists accounts alter column updated_by set data type varchar(255)
Hibernate: alter table if exists accounts add column account_type varchar(255)
Hibernate: alter table if exists accounts alter column branch_address set data type varchar(255)
Hibernate: alter table if exists customer alter column created_at set data type timestamp(6)
Hibernate: alter table if exists customer alter column created_by set data type varchar(255)
Hibernate: alter table if exists customer alter column updated_at set data type timestamp(6)
Hibernate: alter table if exists customer alter column updated_by set data type varchar(255)
Hibernate: alter table if exists customer alter column email set data type varchar(255)
Hibernate: alter table if exists customer alter column mobile_number set data type varchar(255)
Hibernate: alter table if exists customer alter column name set data type varchar(255)
2025-03-17T22:56:48.592+05:30  INFO 28912 --- [accounts] [           main] j.LocalContainerEntityManagerFactoryBean : Initialized JPA EntityManagerFactory for persistence unit 'default'
2025-03-17T22:56:51.429+05:30  WARN 28912 --- [accounts] [           main] JpaBaseConfiguration$JpaWebConfiguration : spring.jpa.open-in-view is enabled by default. Therefore, database queries may be performed during view rendering. Explicitly configure spring.jpa.open-in-view to disable this warning
2025-03-17T22:56:55.640+05:30  INFO 28912 --- [accounts] [           main] o.s.c.s.m.DirectWithAttributesChannel    : Channel 'accounts.springCloudBusInput' has 1 subscriber(s).
2025-03-17T22:56:56.170+05:30  INFO 28912 --- [accounts] [           main] o.s.b.a.h2.H2ConsoleAutoConfiguration    : H2 console available at '/h2-console'. Database available at 'jdbc:h2:mem:springbootdb'
2025-03-17T22:56:56.456+05:30  INFO 28912 --- [accounts] [           main] o.s.b.a.e.web.EndpointLinksResolver      : Exposing 23 endpoints beneath base path '/actuator'
2025-03-17T22:56:56.810+05:30  INFO 28912 --- [accounts] [           main] o.s.i.endpoint.EventDrivenConsumer       : Adding {logging-channel-adapter:_org.springframework.integration.errorLogger} as a subscriber to the 'errorChannel' channel
2025-03-17T22:56:56.811+05:30  INFO 28912 --- [accounts] [           main] o.s.i.channel.PublishSubscribeChannel    : Channel 'accounts.errorChannel' has 1 subscriber(s).
2025-03-17T22:56:56.812+05:30  INFO 28912 --- [accounts] [           main] o.s.i.endpoint.EventDrivenConsumer       : started bean '_org.springframework.integration.errorLogger'
2025-03-17T22:56:56.899+05:30  INFO 28912 --- [accounts] [           main] o.s.c.s.binder.DefaultBinderFactory      : Creating binder: rabbit
2025-03-17T22:56:56.899+05:30  INFO 28912 --- [accounts] [           main] o.s.c.s.binder.DefaultBinderFactory      : Constructing binder child context for rabbit
2025-03-17T22:56:57.261+05:30  INFO 28912 --- [accounts] [           main] o.s.c.s.binder.DefaultBinderFactory      : Caching the binder: rabbit
2025-03-17T22:56:57.443+05:30  INFO 28912 --- [accounts] [           main] c.s.b.r.p.RabbitExchangeQueueProvisioner : declaring queue for inbound: springCloudBus.anonymous.VHctrhIuQ-62hYDb7HUylw, bound to: springCloudBus
2025-03-17T22:56:57.456+05:30  INFO 28912 --- [accounts] [           main] o.s.a.r.c.CachingConnectionFactory       : Attempting to connect to: [rabbit:5672]
2025-03-17T22:57:00.190+05:30  INFO 28912 --- [accounts] [           main] o.s.a.r.c.CachingConnectionFactory       : Attempting to connect to: [rabbit:5672]
2025-03-17T22:57:00.195+05:30  INFO 28912 --- [accounts] [           main] o.s.a.r.c.CachingConnectionFactory       : Attempting to connect to: [rabbit:5672]
2025-03-17T22:57:00.275+05:30  INFO 28912 --- [accounts] [           main] o.s.c.stream.binder.BinderErrorChannel   : Channel 'rabbit-616576695.springCloudBusInput.errors' has 1 subscriber(s).
2025-03-17T22:57:00.277+05:30  INFO 28912 --- [accounts] [           main] o.s.c.stream.binder.BinderErrorChannel   : Channel 'rabbit-616576695.springCloudBusInput.errors' has 2 subscriber(s).
2025-03-17T22:57:00.284+05:30  INFO 28912 --- [accounts] [           main] o.s.a.r.c.CachingConnectionFactory       : Attempting to connect to: [rabbit:5672]
2025-03-17T22:57:00.286+05:30  INFO 28912 --- [accounts] [           main] o.s.a.r.l.SimpleMessageListenerContainer : Broker not available; cannot force queue declarations during start: java.net.UnknownHostException: rabbit
2025-03-17T22:57:00.311+05:30  INFO 28912 --- [accounts] [-62hYDb7HUylw-1] o.s.a.r.c.CachingConnectionFactory       : Attempting to connect to: [rabbit:5672]
2025-03-17T22:57:00.312+05:30  INFO 28912 --- [accounts] [           main] o.s.i.a.i.AmqpInboundChannelAdapter      : started bean 'inbound.springCloudBus.anonymous.VHctrhIuQ-62hYDb7HUylw'
2025-03-17T22:57:00.451+05:30  INFO 28912 --- [accounts] [           main] c.m.s.AccountsMicroserviceTests          : Started AccountsMicroserviceTests in 28.23 seconds (process running for 30.646)
]]></system-out>
    <system-err><![CDATA[Mockito is currently self-attaching to enable the inline-mock-maker. This will no longer work in future releases of the JDK. Please add Mockito as an agent to your build what is described in Mockito's documentation: https://javadoc.io/doc/org.mockito/mockito-core/latest/org/mockito/Mockito.html#0.3
WARNING: A Java agent has been loaded dynamically (C:\Users\940pp\.m2\repository\net\bytebuddy\byte-buddy-agent\1.15.11\byte-buddy-agent-1.15.11.jar)
WARNING: If a serviceability tool is in use, please run with -XX:+EnableDynamicAgentLoading to hide this warning
WARNING: If a serviceability tool is not in use, please run with -Djdk.instrument.traceUsage for more information
WARNING: Dynamic loading of agents will be disallowed by default in a future release
]]></system-err>
  </testcase>
</testsuite>